17:36:19:325 [main] INFO  api.test.UserTests36 - *********Creating User**********************
17:36:22:392 [main] INFO  api.test.UserTests36 - *********User is Created**********************
17:36:22:412 [main] INFO  api.test.UserTests36 - *********getting User by user name**********************
17:36:23:621 [main] INFO  api.test.UserTests36 - *********user found**********************
17:36:23:624 [main] INFO  api.test.UserTests36 - *********updating user**********************
17:36:26:768 [main] INFO  api.test.UserTests36 - *********user updated**********************
17:36:26:772 [main] INFO  api.test.UserTests36 - *********deleting user**********************
17:36:27:992 [main] INFO  api.test.UserTests36 - *********user deleted**********************
17:43:53:385 [main] INFO  api.test.UserTests236 - *********Creating User**********************
17:43:55:944 [main] INFO  api.test.UserTests236 - *********getting User by user name**********************
17:43:56:198 [main] INFO  api.test.UserTests236 - *********updating user**********************
17:43:56:545 [main] INFO  api.test.UserTests236 - *********deleting user**********************
17:50:50:574 [main] INFO  api.test.UserTests236 - *********Creating User**********************
17:50:52:964 [main] INFO  api.test.UserTests236 - *********getting User by user name**********************
17:50:53:234 [main] INFO  api.test.UserTests236 - *********updating user**********************
17:50:53:425 [main] INFO  api.test.UserTests236 - *********deleting user**********************
17:53:23:110 [main] INFO  api.test.UserTests236 - *********Creating User**********************
17:53:25:799 [main] INFO  api.test.UserTests236 - *********User is Created**********************
17:53:25:813 [main] INFO  api.test.UserTests236 - *********getting User by user name**********************
17:53:27:042 [main] INFO  api.test.UserTests236 - *********user found**********************
17:53:27:046 [main] INFO  api.test.UserTests236 - *********updating user**********************
17:53:30:018 [main] INFO  api.test.UserTests236 - *********user updated**********************
17:53:30:021 [main] INFO  api.test.UserTests236 - *********deleting user**********************
17:53:31:237 [main] INFO  api.test.UserTests236 - *********user deleted**********************
18:14:34:991 [main] INFO  api.test.UserTests36 - *********Creating User**********************
18:14:36:316 [main] INFO  api.test.UserTests36 - *********User is Created**********************
18:14:36:317 [main] INFO  api.test.UserTests36 - *********getting User by user name**********************
18:14:37:615 [main] INFO  api.test.UserTests36 - *********user found**********************
18:14:37:616 [main] INFO  api.test.UserTests36 - *********updating user**********************
18:14:40:596 [main] INFO  api.test.UserTests36 - *********user updated**********************
18:14:40:598 [main] INFO  api.test.UserTests36 - *********deleting user**********************
18:14:41:865 [main] INFO  api.test.UserTests36 - *********user deleted**********************
18:25:43:520 [main] INFO  api.test.UserTests36 - *********Creating User**********************
18:25:44:767 [main] INFO  api.test.UserTests36 - *********User is Created**********************
18:25:44:769 [main] INFO  api.test.UserTests36 - *********getting User by user name**********************
18:25:45:998 [main] INFO  api.test.UserTests36 - *********user found**********************
18:25:45:999 [main] INFO  api.test.UserTests36 - *********updating user**********************
18:25:48:877 [main] INFO  api.test.UserTests36 - *********user updated**********************
18:25:48:878 [main] INFO  api.test.UserTests36 - *********deleting user**********************
18:25:50:068 [main] INFO  api.test.UserTests36 - *********user deleted**********************
18:33:50:429 [main] INFO  api.test.UserTests36 - *********Creating User**********************
18:33:52:988 [main] INFO  api.test.UserTests36 - *********User is Created**********************
18:33:52:998 [main] INFO  api.test.UserTests36 - *********getting User by user name**********************
18:33:54:212 [main] INFO  api.test.UserTests36 - *********user found**********************
18:33:54:215 [main] INFO  api.test.UserTests36 - *********updating user**********************
18:33:57:124 [main] INFO  api.test.UserTests36 - *********user updated**********************
18:33:57:127 [main] INFO  api.test.UserTests36 - *********deleting user**********************
18:33:58:308 [main] INFO  api.test.UserTests36 - *********user deleted**********************
18:36:19:335 [main] INFO  api.test.UserTests36 - *********Creating User**********************
18:36:21:861 [main] INFO  api.test.UserTests36 - *********User is Created**********************
18:36:21:872 [main] INFO  api.test.UserTests36 - *********getting User by user name**********************
18:36:23:094 [main] INFO  api.test.UserTests36 - *********user found**********************
18:36:23:096 [main] INFO  api.test.UserTests36 - *********updating user**********************
18:36:25:933 [main] INFO  api.test.UserTests36 - *********user updated**********************
18:36:25:936 [main] INFO  api.test.UserTests36 - *********deleting user**********************
18:36:27:113 [main] INFO  api.test.UserTests36 - *********user deleted**********************
18:41:51:816 [main] INFO  api.test.UserTests36 - *********Creating User**********************
18:41:54:561 [main] INFO  api.test.UserTests36 - *********User is Created**********************
18:41:54:571 [main] INFO  api.test.UserTests36 - *********getting User by user name**********************
18:41:55:779 [main] INFO  api.test.UserTests36 - *********user found**********************
18:41:55:782 [main] INFO  api.test.UserTests36 - *********updating user**********************
18:41:58:706 [main] INFO  api.test.UserTests36 - *********user updated**********************
18:41:58:709 [main] INFO  api.test.UserTests36 - *********deleting user**********************
18:41:59:933 [main] INFO  api.test.UserTests36 - *********user deleted**********************
18:45:44:555 [main] INFO  api.test.UserTests36 - *********Creating User**********************
18:45:47:227 [main] INFO  api.test.UserTests36 - *********User is Created**********************
18:45:47:241 [main] INFO  api.test.UserTests36 - *********getting User by user name**********************
18:45:48:478 [main] INFO  api.test.UserTests36 - *********user found**********************
18:45:48:482 [main] INFO  api.test.UserTests36 - *********updating user**********************
18:45:51:352 [main] INFO  api.test.UserTests36 - *********user updated**********************
18:45:51:355 [main] INFO  api.test.UserTests36 - *********deleting user**********************
18:45:52:573 [main] INFO  api.test.UserTests36 - *********user deleted**********************
18:52:26:619 [main] INFO  api.test.UserTests36 - *********Creating User**********************
18:52:27:933 [main] INFO  api.test.UserTests36 - *********User is Created**********************
18:52:27:935 [main] INFO  api.test.UserTests36 - *********getting User by user name**********************
18:52:29:132 [main] INFO  api.test.UserTests36 - *********user found**********************
18:52:29:133 [main] INFO  api.test.UserTests36 - *********updating user**********************
18:52:32:023 [main] INFO  api.test.UserTests36 - *********user updated**********************
18:52:32:024 [main] INFO  api.test.UserTests36 - *********deleting user**********************
18:52:33:263 [main] INFO  api.test.UserTests36 - *********user deleted**********************
15:22:08:928 [main] INFO  api.test.UserTests36 - *********Creating User**********************
15:22:10:247 [main] INFO  api.test.UserTests36 - *********User is Created**********************
15:22:10:248 [main] INFO  api.test.UserTests36 - *********getting User by user name**********************
15:22:11:543 [main] INFO  api.test.UserTests36 - *********user found**********************
15:22:11:544 [main] INFO  api.test.UserTests36 - *********updating user**********************
15:22:14:573 [main] INFO  api.test.UserTests36 - *********user updated**********************
15:22:14:575 [main] INFO  api.test.UserTests36 - *********deleting user**********************
15:22:15:770 [main] INFO  api.test.UserTests36 - *********user deleted**********************
15:43:09:177 [main] INFO  api.test.UserTests36 - *********Creating User**********************
15:43:10:401 [main] INFO  api.test.UserTests36 - *********User is Created**********************
15:43:10:403 [main] INFO  api.test.UserTests36 - *********getting User by user name**********************
15:43:11:728 [main] INFO  api.test.UserTests36 - *********user found**********************
15:43:11:729 [main] INFO  api.test.UserTests36 - *********updating user**********************
15:43:14:677 [main] INFO  api.test.UserTests36 - *********user updated**********************
15:43:14:679 [main] INFO  api.test.UserTests36 - *********deleting user**********************
15:43:15:898 [main] INFO  api.test.UserTests36 - *********user deleted**********************
15:54:43:132 [main] INFO  api.test.UserTests36 - *********Creating User**********************
15:54:44:517 [main] INFO  api.test.UserTests36 - *********User is Created**********************
15:54:44:518 [main] INFO  api.test.UserTests36 - *********getting User by user name**********************
15:54:45:788 [main] INFO  api.test.UserTests36 - *********user found**********************
15:54:45:790 [main] INFO  api.test.UserTests36 - *********updating user**********************
15:54:48:963 [main] INFO  api.test.UserTests36 - *********user updated**********************
15:54:48:965 [main] INFO  api.test.UserTests36 - *********deleting user**********************
15:54:50:157 [main] INFO  api.test.UserTests36 - *********user deleted**********************
16:53:02:680 [main] INFO  api.test.UserTests36 - *********Creating User**********************
16:53:05:895 [main] INFO  api.test.UserTests36 - *********User is Created**********************
16:53:05:908 [main] INFO  api.test.UserTests36 - *********getting User by user name**********************
16:53:07:192 [main] INFO  api.test.UserTests36 - *********user found**********************
16:53:07:195 [main] INFO  api.test.UserTests36 - *********updating user**********************
16:53:10:004 [main] INFO  api.test.UserTests36 - *********user updated**********************
16:53:10:007 [main] INFO  api.test.UserTests36 - *********deleting user**********************
16:53:11:220 [main] INFO  api.test.UserTests36 - *********user deleted**********************
16:55:42:522 [main] INFO  api.test.UserTests36 - *********Creating User**********************
16:55:45:093 [main] INFO  api.test.UserTests36 - *********User is Created**********************
16:55:45:105 [main] INFO  api.test.UserTests36 - *********getting User by user name**********************
16:55:46:310 [main] INFO  api.test.UserTests36 - *********user found**********************
16:55:46:320 [main] INFO  api.test.UserTests36 - *********updating user**********************
16:55:49:250 [main] INFO  api.test.UserTests36 - *********user updated**********************
16:55:49:253 [main] INFO  api.test.UserTests36 - *********deleting user**********************
16:55:50:473 [main] INFO  api.test.UserTests36 - *********user deleted**********************
17:24:01:749 [main] INFO  api.test.UserTests36 - *********Creating User**********************
17:24:02:964 [main] INFO  api.test.UserTests36 - *********User is Created**********************
17:24:02:964 [main] INFO  api.test.UserTests36 - *********getting User by user name**********************
17:24:04:176 [main] INFO  api.test.UserTests36 - *********user found**********************
17:24:04:177 [main] INFO  api.test.UserTests36 - *********updating user**********************
17:24:07:126 [main] INFO  api.test.UserTests36 - *********user updated**********************
17:24:07:127 [main] INFO  api.test.UserTests36 - *********deleting user**********************
17:24:08:346 [main] INFO  api.test.UserTests36 - *********user deleted**********************
